<?xml version="1.0" encoding="UTF-8"?>
<testsuite xmlns:xsi="http://www.w3.org/2001/XMLSchema-instance" xsi:noNamespaceSchemaLocation="https://maven.apache.org/surefire/maven-surefire-plugin/xsd/surefire-test-report-3.0.xsd" version="3.0" name="TestSuite" time="79.286" tests="3" errors="0" skipped="0" failures="0">
  <properties>
[...]
</properties>
  <testcase name="runScenario[&quot;To Access the page and check title&quot;, &quot;Optional[To Check the functionality of the homepage]&quot;](1)" classname="com.mindtree.Runner.MI_runner" time="17.836">
    <system-out><![CDATA[The Driver is setup
11-08-2021 17:14:37 Log.java INFO  [main] ResuableComponents.BaseClass 20 - DriverSet
Xiaomi India | Mobile | TV | Fitness | Smart Home | Lifestyle - Mi India
11-08-2021 17:14:37 Log.java INFO  [main] ResuableComponents.BaseClass 20 - Did not navigate to the expected page
11-08-2021 17:14:41 Log.java INFO  [main] ResuableComponents.BaseClass 20 - The title matched
11-08-2021 17:14:41 Log.java INFO  [main] ResuableComponents.BaseClass 20 - Succesfull
]]></system-out>
    <system-err><![CDATA[Starting ChromeDriver 95.0.4638.17 (a9d0719444d4b035e284ed1fce73bf6ccd789df2-refs/branch-heads/4638@{#178}) on port 38289
Only local connections are allowed.
Please see https://chromedriver.chromium.org/security-considerations for suggestions on keeping ChromeDriver safe.
ChromeDriver was started successfully.
Nov 08, 2021 5:14:30 PM org.openqa.selenium.remote.ProtocolHandshake createSession
INFO: Detected dialect: W3C
]]></system-err>
  </testcase>
  <testcase name="runScenario[&quot;Login check&quot;, &quot;Optional[To Check the functionality of the homepage]&quot;](2)" classname="com.mindtree.Runner.MI_runner" time="17.345">
    <system-out><![CDATA[11-08-2021 17:14:43 Log.java INFO  [main] ResuableComponents.BaseClass 20 - Clicked on Sign -In
11-08-2021 17:14:58 Log.java INFO  [main] ResuableComponents.BaseClass 20 - Crendentials Entered Sucessfully
11-08-2021 17:14:58 Log.java INFO  [main] ResuableComponents.BaseClass 20 - Logged In Sucessfully
]]></system-out>
  </testcase>
  <testcase name="runScenario[&quot;Search Item&quot;, &quot;Optional[To Check the functionality of the homepage]&quot;](3)" classname="com.mindtree.Runner.MI_runner" time="43.205">
    <system-out><![CDATA[11-08-2021 17:14:58 Log.java INFO  [main] ResuableComponents.BaseClass 20 - Search Bar Clicked
11-08-2021 17:15:40 Log.java ERROR [main] ResuableComponents.BaseClass 28 - Item input interrupted
]]></system-out>
  </testcase>
</testsuite>