<?xml version="1.0" encoding="UTF-8"?>
<testng-results ignored="0" total="3" passed="3" failed="0" skipped="0">
  <reporter-output>
  </reporter-output>
  <suite started-at="2021-11-08T17:14:23 IST" name="Suite" finished-at="2021-11-08T17:15:41 IST" duration-ms="78640">
    <groups>
      <group name="cucumber">
        <method signature="AbstractTestNGCucumberTests.runScenario(io.cucumber.testng.PickleWrapper,io.cucumber.testng.FeatureWrapper)[pri:0, instance:com.mindtree.Runner.MI_runner@14555e0a]" name="runScenario" class="io.cucumber.testng.AbstractTestNGCucumberTests"/>
      </group> <!-- cucumber -->
    </groups>
    <test started-at="2021-11-08T17:14:23 IST" name="Test" finished-at="2021-11-08T17:15:41 IST" duration-ms="78640">
      <class name="com.mindtree.Runner.MI_runner">
        <test-method is-config="true" signature="setUpClass(org.testng.ITestContext)[pri:0, instance:com.mindtree.Runner.MI_runner@14555e0a]" started-at="2021-11-08T17:14:23 IST" name="setUpClass" finished-at="2021-11-08T17:14:23 IST" duration-ms="219" status="PASS">
          <params>
            <param index="0">
              <value>
                <![CDATA[org.testng.TestRunner@abbe000]]>
              </value>
            </param>
          </params>
          <reporter-output>
          </reporter-output>
        </test-method> <!-- setUpClass -->
        <test-method signature="runScenario(io.cucumber.testng.PickleWrapper,io.cucumber.testng.FeatureWrapper)[pri:0, instance:com.mindtree.Runner.MI_runner@14555e0a]" started-at="2021-11-08T17:14:23 IST" name="runScenario" description="Runs Cucumber Scenarios" data-provider="scenarios" finished-at="2021-11-08T17:14:41 IST" duration-ms="17826" status="PASS">
          <params>
            <param index="0">
              <value>
                <![CDATA["To Access the page and check title"]]>
              </value>
            </param>
            <param index="1">
              <value>
                <![CDATA["Optional[To Check the functionality of the homepage]"]]>
              </value>
            </param>
          </params>
          <reporter-output>
          </reporter-output>
        </test-method> <!-- runScenario -->
        <test-method signature="runScenario(io.cucumber.testng.PickleWrapper,io.cucumber.testng.FeatureWrapper)[pri:0, instance:com.mindtree.Runner.MI_runner@14555e0a]" started-at="2021-11-08T17:14:41 IST" name="runScenario" description="Runs Cucumber Scenarios" data-provider="scenarios" finished-at="2021-11-08T17:14:58 IST" duration-ms="17358" status="PASS">
          <params>
            <param index="0">
              <value>
                <![CDATA["Login check"]]>
              </value>
            </param>
            <param index="1">
              <value>
                <![CDATA["Optional[To Check the functionality of the homepage]"]]>
              </value>
            </param>
          </params>
          <reporter-output>
          </reporter-output>
        </test-method> <!-- runScenario -->
        <test-method signature="runScenario(io.cucumber.testng.PickleWrapper,io.cucumber.testng.FeatureWrapper)[pri:0, instance:com.mindtree.Runner.MI_runner@14555e0a]" started-at="2021-11-08T17:14:58 IST" name="runScenario" description="Runs Cucumber Scenarios" data-provider="scenarios" finished-at="2021-11-08T17:15:41 IST" duration-ms="43205" status="PASS">
          <params>
            <param index="0">
              <value>
                <![CDATA["Search Item"]]>
              </value>
            </param>
            <param index="1">
              <value>
                <![CDATA["Optional[To Check the functionality of the homepage]"]]>
              </value>
            </param>
          </params>
          <reporter-output>
          </reporter-output>
        </test-method> <!-- runScenario -->
        <test-method is-config="true" signature="tearDownClass()[pri:0, instance:com.mindtree.Runner.MI_runner@14555e0a]" started-at="2021-11-08T17:15:41 IST" name="tearDownClass" finished-at="2021-11-08T17:15:41 IST" duration-ms="3" status="PASS">
          <reporter-output>
          </reporter-output>
        </test-method> <!-- tearDownClass -->
      </class> <!-- com.mindtree.Runner.MI_runner -->
    </test> <!-- Test -->
  </suite> <!-- Suite -->
</testng-results>
