<?xml version="1.0" encoding="UTF-8"?>
<testng-results ignored="0" total="3" passed="3" failed="0" skipped="0">
  <reporter-output>
  </reporter-output>
  <suite started-at="2021-11-19T15:52:42 IST" name="Default suite" finished-at="2021-11-19T15:58:29 IST" duration-ms="347275">
    <groups>
      <group name="cucumber">
        <method signature="AbstractTestNGCucumberTests.runScenario(io.cucumber.testng.PickleWrapper,io.cucumber.testng.FeatureWrapper)[pri:0, instance:com.mindtree.Runner.BigSmall_runner@3a44431a]" name="runScenario" class="io.cucumber.testng.AbstractTestNGCucumberTests"/>
      </group> <!-- cucumber -->
    </groups>
    <test started-at="2021-11-19T15:52:42 IST" name="Default test" finished-at="2021-11-19T15:58:29 IST" duration-ms="347275">
      <class name="com.mindtree.Runner.BigSmall_runner">
        <test-method is-config="true" signature="setUpClass(org.testng.ITestContext)[pri:0, instance:com.mindtree.Runner.BigSmall_runner@3a44431a]" started-at="2021-11-19T15:52:42 IST" name="setUpClass" finished-at="2021-11-19T15:52:42 IST" duration-ms="222" status="PASS">
          <params>
            <param index="0">
              <value>
                <![CDATA[org.testng.TestRunner@1b52699c]]>
              </value>
            </param>
          </params>
          <reporter-output>
          </reporter-output>
        </test-method> <!-- setUpClass -->
        <test-method signature="runScenario(io.cucumber.testng.PickleWrapper,io.cucumber.testng.FeatureWrapper)[pri:0, instance:com.mindtree.Runner.BigSmall_runner@3a44431a]" started-at="2021-11-19T15:52:42 IST" name="runScenario" description="Runs Cucumber Scenarios" data-provider="scenarios" finished-at="2021-11-19T15:54:44 IST" duration-ms="121650" status="PASS">
          <params>
            <param index="0">
              <value>
                <![CDATA["To check the Login functionality"]]>
              </value>
            </param>
            <param index="1">
              <value>
                <![CDATA["Optional[To Check the functionality of the homepage of *BigSmall.in*]"]]>
              </value>
            </param>
          </params>
          <reporter-output>
          </reporter-output>
        </test-method> <!-- runScenario -->
        <test-method signature="runScenario(io.cucumber.testng.PickleWrapper,io.cucumber.testng.FeatureWrapper)[pri:0, instance:com.mindtree.Runner.BigSmall_runner@3a44431a]" started-at="2021-11-19T15:54:44 IST" name="runScenario" description="Runs Cucumber Scenarios" data-provider="scenarios" finished-at="2021-11-19T15:57:05 IST" duration-ms="141717" status="PASS">
          <params>
            <param index="0">
              <value>
                <![CDATA["To check the Shopping flow"]]>
              </value>
            </param>
            <param index="1">
              <value>
                <![CDATA["Optional[To Check the functionality of the homepage of *BigSmall.in*]"]]>
              </value>
            </param>
          </params>
          <reporter-output>
          </reporter-output>
        </test-method> <!-- runScenario -->
        <test-method signature="runScenario(io.cucumber.testng.PickleWrapper,io.cucumber.testng.FeatureWrapper)[pri:0, instance:com.mindtree.Runner.BigSmall_runner@3a44431a]" started-at="2021-11-19T15:57:05 IST" name="runScenario" description="Runs Cucumber Scenarios" data-provider="scenarios" finished-at="2021-11-19T15:58:29 IST" duration-ms="83637" status="PASS">
          <params>
            <param index="0">
              <value>
                <![CDATA["To check the Checkout flow"]]>
              </value>
            </param>
            <param index="1">
              <value>
                <![CDATA["Optional[To Check the functionality of the homepage of *BigSmall.in*]"]]>
              </value>
            </param>
          </params>
          <reporter-output>
          </reporter-output>
        </test-method> <!-- runScenario -->
        <test-method is-config="true" signature="tearDownClass()[pri:0, instance:com.mindtree.Runner.BigSmall_runner@3a44431a]" started-at="2021-11-19T15:58:29 IST" name="tearDownClass" finished-at="2021-11-19T15:58:29 IST" duration-ms="4" status="PASS">
          <reporter-output>
          </reporter-output>
        </test-method> <!-- tearDownClass -->
      </class> <!-- com.mindtree.Runner.BigSmall_runner -->
    </test> <!-- Default test -->
  </suite> <!-- Default suite -->
</testng-results>
